<?xml version="1.0" encoding="UTF-8"?>
<!-- Generated by org.testng.reporters.JUnitReportReporter -->
<testsuite hostname="AnkitTyagi-PC" name="com.crm.testcases.HomePageTest" tests="6" failures="0" timestamp="19 Jan 2019 03:44:53 GMT" time="9.126" errors="0">
  <testcase name="VerifyUsernameTest" time="0.483" classname="com.crm.testcases.HomePageTest"/>
  <testcase name="HomePageTitle" time="0.332" classname="com.crm.testcases.HomePageTest"/>
  <testcase name="DealsTabTest" time="2.440" classname="com.crm.testcases.HomePageTest"/>
  <testcase name="ContactsTabTest" time="3.171" classname="com.crm.testcases.HomePageTest"/>
  <testcase name="launchBrowserAndGetUrl" time="0.015" classname="com.crm.testcases.HomePageTest"/>
  <testcase name="TaskPageTest" time="2.685" classname="com.crm.testcases.HomePageTest"/>
</testsuite> <!-- com.crm.testcases.HomePageTest -->
