<?xml version="1.0" encoding="UTF-8"?>
<!-- Generated by org.testng.reporters.JUnitReportReporter -->
<testsuite hostname="AnkitTyagi-PC" name="com.crm.testcases.ContactPageTest" tests="4" failures="0" timestamp="19 Jan 2019 03:44:53 GMT" time="28.201" errors="0">
  <testcase name="SelectContactsTest" time="6.179" classname="com.crm.testcases.ContactPageTest"/>
  <testcase name="CreateContactsTest" time="18.884" classname="com.crm.testcases.ContactPageTest"/>
  <testcase name="launchBrowserAndGetUrl" time="0.022" classname="com.crm.testcases.ContactPageTest"/>
  <testcase name="VerifycontactsLabelTest" time="3.116" classname="com.crm.testcases.ContactPageTest"/>
</testsuite> <!-- com.crm.testcases.ContactPageTest -->
