<?xml version="1.0" encoding="UTF-8"?>
<!-- Generated by org.testng.reporters.JUnitReportReporter -->
<testsuite skipped="0" hostname="AnkitTyagi-PC" name="com.crm.testcases.LoginPageTest" tests="4" failures="0" timestamp="26 Jan 2019 16:46:39 GMT" time="11.869" errors="0">
  <testcase name="launchBrowserAndGetUrl" time="0.038" classname="com.crm.testcases.LoginPageTest"/>
  <testcase name="LoginPagetitleTest" time="0.016" classname="com.crm.testcases.LoginPageTest"/>
  <testcase name="CRMImageTest" time="0.068" classname="com.crm.testcases.LoginPageTest"/>
  <testcase name="loginTest" time="11.747" classname="com.crm.testcases.LoginPageTest"/>
</testsuite> <!-- com.crm.testcases.LoginPageTest -->
