<?xml version="1.0" encoding="UTF-8"?>
<!-- Generated by org.testng.reporters.JUnitReportReporter -->
<testsuite skipped="0" hostname="AnkitTyagi-PC" name="com.crm.testcases.ContactPageTest" tests="4" failures="0" timestamp="26 Jan 2019 16:46:39 GMT" time="18.338" errors="0">
  <testcase name="launchBrowserAndGetUrl" time="0.026" classname="com.crm.testcases.ContactPageTest"/>
  <testcase name="VerifycontactsLabelTest" time="3.095" classname="com.crm.testcases.ContactPageTest"/>
  <testcase name="CreateContactsTest" time="10.238" classname="com.crm.testcases.ContactPageTest"/>
  <testcase name="SelectContactsTest" time="4.979" classname="com.crm.testcases.ContactPageTest"/>
</testsuite> <!-- com.crm.testcases.ContactPageTest -->
